[INFO  - 2016-12-06T01:19:41.394Z] GhostDriver - Main - running on port 127.0.0.1:44020
[INFO  - 2016-12-06T01:19:41.705Z] Session [10533620-bb52-11e6-8512-b776173c8a7e] - page.settings - {"XSSAuditingEnabled":false,"javascriptCanCloseWindows":true,"javascriptCanOpenWindows":true,"javascriptEnabled":true,"loadImages":true,"localToRemoteUrlAccessEnabled":false,"userAgent":"Mozilla/5.0 (Macintosh; Intel Mac OS X) AppleWebKit/538.1 (KHTML, like Gecko) PhantomJS/2.1.1 Safari/538.1","webSecurityEnabled":true}
[INFO  - 2016-12-06T01:19:41.705Z] Session [10533620-bb52-11e6-8512-b776173c8a7e] - page.customHeaders:  - {}
[INFO  - 2016-12-06T01:19:41.705Z] Session [10533620-bb52-11e6-8512-b776173c8a7e] - page.zoomFactor:  - 1
[INFO  - 2016-12-06T01:19:41.705Z] Session [10533620-bb52-11e6-8512-b776173c8a7e] - Session.negotiatedCapabilities - {"browserName":"phantomjs","version":"2.1.1","driverName":"ghostdriver","driverVersion":"1.3.0-dev","platform":"mac-10.11 (El Capitan)-64bit","javascriptEnabled":true,"takesScreenshot":true,"handlesAlerts":false,"databaseEnabled":false,"locationContextEnabled":false,"applicationCacheEnabled":false,"browserConnectionEnabled":false,"cssSelectorsEnabled":true,"webStorageEnabled":false,"rotatable":false,"acceptSslCerts":false,"nativeEvents":true,"proxy":{"proxyType":"direct"},"webSecurityEnabled":true}
[INFO  - 2016-12-06T01:19:41.705Z] SessionManagerReqHand - _postNewSessionCommand - New Session Created: 10533620-bb52-11e6-8512-b776173c8a7e
[ERROR - 2016-12-06T01:19:43.216Z] RouterReqHand - _handle.error - {"line":266,"sourceURL":"phantomjs://code/webelement_request_handler.js","stack":"_postValueCommand@phantomjs://code/webelement_request_handler.js:266:52\n_handle@phantomjs://code/webelement_request_handler.js:72:30\n_reroute@phantomjs://code/request_handler.js:61:20\n_handle@phantomjs://code/session_request_handler.js:121:42\n_reroute@phantomjs://code/request_handler.js:61:20\n_handle@phantomjs://code/router_request_handler.js:78:46"}
[ERROR - 2016-12-06T01:19:45.382Z] RouterReqHand - _handle.error - {"line":266,"sourceURL":"phantomjs://code/webelement_request_handler.js","stack":"_postValueCommand@phantomjs://code/webelement_request_handler.js:266:52\n_handle@phantomjs://code/webelement_request_handler.js:72:30\n_reroute@phantomjs://code/request_handler.js:61:20\n_handle@phantomjs://code/session_request_handler.js:121:42\n_reroute@phantomjs://code/request_handler.js:61:20\n_handle@phantomjs://code/router_request_handler.js:78:46"}
[ERROR - 2016-12-06T01:19:47.543Z] RouterReqHand - _handle.error - {"line":266,"sourceURL":"phantomjs://code/webelement_request_handler.js","stack":"_postValueCommand@phantomjs://code/webelement_request_handler.js:266:52\n_handle@phantomjs://code/webelement_request_handler.js:72:30\n_reroute@phantomjs://code/request_handler.js:61:20\n_handle@phantomjs://code/session_request_handler.js:121:42\n_reroute@phantomjs://code/request_handler.js:61:20\n_handle@phantomjs://code/router_request_handler.js:78:46"}
[ERROR - 2016-12-06T01:19:53.909Z] RouterReqHand - _handle.error - {"name":"Variable Resource Not Found","message":"{\"headers\":{\"Accept-Encoding\":\"gzip,deflate\",\"Connection\":\"Keep-Alive\",\"Content-Length\":\"89\",\"Content-Type\":\"application/json; charset=utf-8\",\"Host\":\"localhost:44020\",\"User-Agent\":\"Apache-HttpClient/4.5.1 (Java/1.8.0_77)\"},\"httpVersion\":\"1.1\",\"method\":\"POST\",\"post\":\"{\\\"id\\\":\\\":wdc:1480987191599\\\",\\\"using\\\":\\\"xpath\\\",\\\"value\\\":\\\".//em[@class='u_cbox_cnt_unrecomm']\\\"}\",\"url\":\"/session/10533620-bb52-11e6-8512-b776173c8a7e/element/:wdc:1480987191599/elements\",\"urlParsed\":{\"anchor\":\"\",\"query\":\"\",\"file\":\"elements\",\"directory\":\"/session/10533620-bb52-11e6-8512-b776173c8a7e/element/:wdc:1480987191599/\",\"path\":\"/session/10533620-bb52-11e6-8512-b776173c8a7e/element/:wdc:1480987191599/elements\",\"relative\":\"/session/10533620-bb52-11e6-8512-b776173c8a7e/element/:wdc:1480987191599/elements\",\"port\":\"\",\"host\":\"\",\"password\":\"\",\"user\":\"\",\"userInfo\":\"\",\"authority\":\"\",\"protocol\":\"\",\"source\":\"/session/10533620-bb52-11e6-8512-b776173c8a7e/element/:wdc:1480987191599/elements\",\"queryKey\":{},\"chunks\":[\"session\",\"10533620-bb52-11e6-8512-b776173c8a7e\",\"element\",\":wdc:1480987191599\",\"elements\"]}}","line":80,"sourceURL":"phantomjs://code/router_request_handler.js","stack":"_handle@phantomjs://code/router_request_handler.js:80:82"}
[INFO  - 2016-12-06T01:19:53.922Z] ShutdownReqHand - _handle - About to shutdown
[INFO  - 2016-12-06T19:01:40.169Z] GhostDriver - Main - running on port 127.0.0.1:40410
[INFO  - 2016-12-06T19:01:40.609Z] Session [6bc084b0-bbe6-11e6-9ec4-bfff79e29e1c] - page.settings - {"XSSAuditingEnabled":false,"javascriptCanCloseWindows":true,"javascriptCanOpenWindows":true,"javascriptEnabled":true,"loadImages":false,"localToRemoteUrlAccessEnabled":false,"userAgent":"Mozilla/5.0 (Macintosh; Intel Mac OS X) AppleWebKit/538.1 (KHTML, like Gecko) PhantomJS/2.1.1 Safari/538.1","webSecurityEnabled":false}
[INFO  - 2016-12-06T19:01:40.609Z] Session [6bc084b0-bbe6-11e6-9ec4-bfff79e29e1c] - page.customHeaders:  - {}
[INFO  - 2016-12-06T19:01:40.609Z] Session [6bc084b0-bbe6-11e6-9ec4-bfff79e29e1c] - page.zoomFactor:  - 1
[INFO  - 2016-12-06T19:01:40.610Z] Session [6bc084b0-bbe6-11e6-9ec4-bfff79e29e1c] - Session.negotiatedCapabilities - {"browserName":"phantomjs","version":"2.1.1","driverName":"ghostdriver","driverVersion":"1.3.0-dev","platform":"mac-10.11 (El Capitan)-64bit","javascriptEnabled":true,"takesScreenshot":true,"handlesAlerts":false,"databaseEnabled":false,"locationContextEnabled":false,"applicationCacheEnabled":false,"browserConnectionEnabled":false,"cssSelectorsEnabled":true,"webStorageEnabled":false,"rotatable":false,"acceptSslCerts":false,"nativeEvents":true,"proxy":{"proxyType":"direct"},"webSecurityEnabled":true}
[INFO  - 2016-12-06T19:01:40.610Z] SessionManagerReqHand - _postNewSessionCommand - New Session Created: 6bc084b0-bbe6-11e6-9ec4-bfff79e29e1c
[ERROR - 2016-12-06T19:01:42.491Z] RouterReqHand - _handle.error - {"line":266,"sourceURL":"phantomjs://code/webelement_request_handler.js","stack":"_postValueCommand@phantomjs://code/webelement_request_handler.js:266:52\n_handle@phantomjs://code/webelement_request_handler.js:72:30\n_reroute@phantomjs://code/request_handler.js:61:20\n_handle@phantomjs://code/session_request_handler.js:121:42\n_reroute@phantomjs://code/request_handler.js:61:20\n_handle@phantomjs://code/router_request_handler.js:78:46"}
[ERROR - 2016-12-06T19:01:44.581Z] RouterReqHand - _handle.error - {"line":266,"sourceURL":"phantomjs://code/webelement_request_handler.js","stack":"_postValueCommand@phantomjs://code/webelement_request_handler.js:266:52\n_handle@phantomjs://code/webelement_request_handler.js:72:30\n_reroute@phantomjs://code/request_handler.js:61:20\n_handle@phantomjs://code/session_request_handler.js:121:42\n_reroute@phantomjs://code/request_handler.js:61:20\n_handle@phantomjs://code/router_request_handler.js:78:46"}
[ERROR - 2016-12-06T19:01:46.652Z] RouterReqHand - _handle.error - {"line":266,"sourceURL":"phantomjs://code/webelement_request_handler.js","stack":"_postValueCommand@phantomjs://code/webelement_request_handler.js:266:52\n_handle@phantomjs://code/webelement_request_handler.js:72:30\n_reroute@phantomjs://code/request_handler.js:61:20\n_handle@phantomjs://code/session_request_handler.js:121:42\n_reroute@phantomjs://code/request_handler.js:61:20\n_handle@phantomjs://code/router_request_handler.js:78:46"}
[INFO  - 2016-12-06T19:01:50.533Z] ShutdownReqHand - _handle - About to shutdown
[INFO  - 2016-12-06T19:04:47.332Z] GhostDriver - Main - running on port 127.0.0.1:13859
[INFO  - 2016-12-06T19:04:47.700Z] Session [db442fd0-bbe6-11e6-bed1-6fa157ba76c5] - page.settings - {"XSSAuditingEnabled":false,"javascriptCanCloseWindows":true,"javascriptCanOpenWindows":true,"javascriptEnabled":true,"loadImages":false,"localToRemoteUrlAccessEnabled":false,"userAgent":"Mozilla/5.0 (Macintosh; Intel Mac OS X) AppleWebKit/538.1 (KHTML, like Gecko) PhantomJS/2.1.1 Safari/538.1","webSecurityEnabled":false}
[INFO  - 2016-12-06T19:04:47.700Z] Session [db442fd0-bbe6-11e6-bed1-6fa157ba76c5] - page.customHeaders:  - {}
[INFO  - 2016-12-06T19:04:47.700Z] Session [db442fd0-bbe6-11e6-bed1-6fa157ba76c5] - page.zoomFactor:  - 1
[INFO  - 2016-12-06T19:04:47.701Z] Session [db442fd0-bbe6-11e6-bed1-6fa157ba76c5] - Session.negotiatedCapabilities - {"browserName":"phantomjs","version":"2.1.1","driverName":"ghostdriver","driverVersion":"1.3.0-dev","platform":"mac-10.11 (El Capitan)-64bit","javascriptEnabled":true,"takesScreenshot":true,"handlesAlerts":false,"databaseEnabled":false,"locationContextEnabled":false,"applicationCacheEnabled":false,"browserConnectionEnabled":false,"cssSelectorsEnabled":true,"webStorageEnabled":false,"rotatable":false,"acceptSslCerts":false,"nativeEvents":true,"proxy":{"proxyType":"direct"},"webSecurityEnabled":true}
[INFO  - 2016-12-06T19:04:47.701Z] SessionManagerReqHand - _postNewSessionCommand - New Session Created: db442fd0-bbe6-11e6-bed1-6fa157ba76c5
[INFO  - 2016-12-06T19:04:48.443Z] ShutdownReqHand - _handle - About to shutdown
[INFO  - 2016-12-06T19:08:33.728Z] GhostDriver - Main - running on port 127.0.0.1:18965
[INFO  - 2016-12-06T19:08:34.096Z] Session [6235a0a0-bbe7-11e6-b46a-f748c59d2c90] - page.settings - {"XSSAuditingEnabled":false,"javascriptCanCloseWindows":true,"javascriptCanOpenWindows":true,"javascriptEnabled":true,"loadImages":false,"localToRemoteUrlAccessEnabled":false,"userAgent":"Mozilla/5.0 (Macintosh; Intel Mac OS X) AppleWebKit/538.1 (KHTML, like Gecko) PhantomJS/2.1.1 Safari/538.1","webSecurityEnabled":false}
[INFO  - 2016-12-06T19:08:34.096Z] Session [6235a0a0-bbe7-11e6-b46a-f748c59d2c90] - page.customHeaders:  - {}
[INFO  - 2016-12-06T19:08:34.096Z] Session [6235a0a0-bbe7-11e6-b46a-f748c59d2c90] - page.zoomFactor:  - 1
[INFO  - 2016-12-06T19:08:34.097Z] Session [6235a0a0-bbe7-11e6-b46a-f748c59d2c90] - Session.negotiatedCapabilities - {"browserName":"phantomjs","version":"2.1.1","driverName":"ghostdriver","driverVersion":"1.3.0-dev","platform":"mac-10.11 (El Capitan)-64bit","javascriptEnabled":true,"takesScreenshot":true,"handlesAlerts":false,"databaseEnabled":false,"locationContextEnabled":false,"applicationCacheEnabled":false,"browserConnectionEnabled":false,"cssSelectorsEnabled":true,"webStorageEnabled":false,"rotatable":false,"acceptSslCerts":false,"nativeEvents":true,"proxy":{"proxyType":"direct"},"webSecurityEnabled":true}
[INFO  - 2016-12-06T19:08:34.097Z] SessionManagerReqHand - _postNewSessionCommand - New Session Created: 6235a0a0-bbe7-11e6-b46a-f748c59d2c90
[ERROR - 2016-12-06T19:08:35.831Z] RouterReqHand - _handle.error - {"line":266,"sourceURL":"phantomjs://code/webelement_request_handler.js","stack":"_postValueCommand@phantomjs://code/webelement_request_handler.js:266:52\n_handle@phantomjs://code/webelement_request_handler.js:72:30\n_reroute@phantomjs://code/request_handler.js:61:20\n_handle@phantomjs://code/session_request_handler.js:121:42\n_reroute@phantomjs://code/request_handler.js:61:20\n_handle@phantomjs://code/router_request_handler.js:78:46"}
[INFO  - 2016-12-06T19:08:37.634Z] ShutdownReqHand - _handle - About to shutdown
[INFO  - 2016-12-06T19:09:57.971Z] GhostDriver - Main - running on port 127.0.0.1:8797
[INFO  - 2016-12-06T19:09:58.327Z] Session [946a1b00-bbe7-11e6-a879-196825586702] - page.settings - {"XSSAuditingEnabled":false,"javascriptCanCloseWindows":true,"javascriptCanOpenWindows":true,"javascriptEnabled":true,"loadImages":false,"localToRemoteUrlAccessEnabled":false,"userAgent":"Mozilla/5.0 (Macintosh; Intel Mac OS X) AppleWebKit/538.1 (KHTML, like Gecko) PhantomJS/2.1.1 Safari/538.1","webSecurityEnabled":false}
[INFO  - 2016-12-06T19:09:58.327Z] Session [946a1b00-bbe7-11e6-a879-196825586702] - page.customHeaders:  - {}
[INFO  - 2016-12-06T19:09:58.327Z] Session [946a1b00-bbe7-11e6-a879-196825586702] - page.zoomFactor:  - 1
[INFO  - 2016-12-06T19:09:58.327Z] Session [946a1b00-bbe7-11e6-a879-196825586702] - Session.negotiatedCapabilities - {"browserName":"phantomjs","version":"2.1.1","driverName":"ghostdriver","driverVersion":"1.3.0-dev","platform":"mac-10.11 (El Capitan)-64bit","javascriptEnabled":true,"takesScreenshot":true,"handlesAlerts":false,"databaseEnabled":false,"locationContextEnabled":false,"applicationCacheEnabled":false,"browserConnectionEnabled":false,"cssSelectorsEnabled":true,"webStorageEnabled":false,"rotatable":false,"acceptSslCerts":false,"nativeEvents":true,"proxy":{"proxyType":"direct"},"webSecurityEnabled":true}
[INFO  - 2016-12-06T19:09:58.327Z] SessionManagerReqHand - _postNewSessionCommand - New Session Created: 946a1b00-bbe7-11e6-a879-196825586702
[INFO  - 2016-12-06T19:09:59.322Z] ShutdownReqHand - _handle - About to shutdown
[INFO  - 2016-12-06T19:20:50.700Z] GhostDriver - Main - running on port 127.0.0.1:7179
[INFO  - 2016-12-06T19:20:51.055Z] Session [19785770-bbe9-11e6-9237-731dfe15e924] - page.settings - {"XSSAuditingEnabled":false,"javascriptCanCloseWindows":true,"javascriptCanOpenWindows":true,"javascriptEnabled":true,"loadImages":false,"localToRemoteUrlAccessEnabled":false,"userAgent":"Mozilla/5.0 (Macintosh; Intel Mac OS X) AppleWebKit/538.1 (KHTML, like Gecko) PhantomJS/2.1.1 Safari/538.1","webSecurityEnabled":false}
[INFO  - 2016-12-06T19:20:51.055Z] Session [19785770-bbe9-11e6-9237-731dfe15e924] - page.customHeaders:  - {}
[INFO  - 2016-12-06T19:20:51.055Z] Session [19785770-bbe9-11e6-9237-731dfe15e924] - page.zoomFactor:  - 1
[INFO  - 2016-12-06T19:20:51.055Z] Session [19785770-bbe9-11e6-9237-731dfe15e924] - Session.negotiatedCapabilities - {"browserName":"phantomjs","version":"2.1.1","driverName":"ghostdriver","driverVersion":"1.3.0-dev","platform":"mac-10.11 (El Capitan)-64bit","javascriptEnabled":true,"takesScreenshot":true,"handlesAlerts":false,"databaseEnabled":false,"locationContextEnabled":false,"applicationCacheEnabled":false,"browserConnectionEnabled":false,"cssSelectorsEnabled":true,"webStorageEnabled":false,"rotatable":false,"acceptSslCerts":false,"nativeEvents":true,"proxy":{"proxyType":"direct"},"webSecurityEnabled":true}
[INFO  - 2016-12-06T19:20:51.055Z] SessionManagerReqHand - _postNewSessionCommand - New Session Created: 19785770-bbe9-11e6-9237-731dfe15e924
[ERROR - 2016-12-06T19:20:52.718Z] RouterReqHand - _handle.error - {"line":266,"sourceURL":"phantomjs://code/webelement_request_handler.js","stack":"_postValueCommand@phantomjs://code/webelement_request_handler.js:266:52\n_handle@phantomjs://code/webelement_request_handler.js:72:30\n_reroute@phantomjs://code/request_handler.js:61:20\n_handle@phantomjs://code/session_request_handler.js:121:42\n_reroute@phantomjs://code/request_handler.js:61:20\n_handle@phantomjs://code/router_request_handler.js:78:46"}
[INFO  - 2016-12-06T19:20:54.700Z] ShutdownReqHand - _handle - About to shutdown
[INFO  - 2016-12-06T19:22:44.662Z] GhostDriver - Main - running on port 127.0.0.1:21106
[INFO  - 2016-12-06T19:22:45.065Z] Session [5d6ce310-bbe9-11e6-8b23-29a709e76a40] - page.settings - {"XSSAuditingEnabled":false,"javascriptCanCloseWindows":true,"javascriptCanOpenWindows":true,"javascriptEnabled":true,"loadImages":false,"localToRemoteUrlAccessEnabled":false,"userAgent":"Mozilla/5.0 (Macintosh; Intel Mac OS X) AppleWebKit/538.1 (KHTML, like Gecko) PhantomJS/2.1.1 Safari/538.1","webSecurityEnabled":false}
[INFO  - 2016-12-06T19:22:45.065Z] Session [5d6ce310-bbe9-11e6-8b23-29a709e76a40] - page.customHeaders:  - {}
[INFO  - 2016-12-06T19:22:45.065Z] Session [5d6ce310-bbe9-11e6-8b23-29a709e76a40] - page.zoomFactor:  - 1
[INFO  - 2016-12-06T19:22:45.065Z] Session [5d6ce310-bbe9-11e6-8b23-29a709e76a40] - Session.negotiatedCapabilities - {"browserName":"phantomjs","version":"2.1.1","driverName":"ghostdriver","driverVersion":"1.3.0-dev","platform":"mac-10.11 (El Capitan)-64bit","javascriptEnabled":true,"takesScreenshot":true,"handlesAlerts":false,"databaseEnabled":false,"locationContextEnabled":false,"applicationCacheEnabled":false,"browserConnectionEnabled":false,"cssSelectorsEnabled":true,"webStorageEnabled":false,"rotatable":false,"acceptSslCerts":false,"nativeEvents":true,"proxy":{"proxyType":"direct"},"webSecurityEnabled":true}
[INFO  - 2016-12-06T19:22:45.065Z] SessionManagerReqHand - _postNewSessionCommand - New Session Created: 5d6ce310-bbe9-11e6-8b23-29a709e76a40
[INFO  - 2016-12-06T19:22:46.820Z] GhostDriver - Main - running on port 127.0.0.1:47062
[INFO  - 2016-12-06T19:22:47.061Z] Session [5e9d73d0-bbe9-11e6-87b1-bd64fefd21fc] - page.settings - {"XSSAuditingEnabled":false,"javascriptCanCloseWindows":true,"javascriptCanOpenWindows":true,"javascriptEnabled":true,"loadImages":false,"localToRemoteUrlAccessEnabled":false,"userAgent":"Mozilla/5.0 (Macintosh; Intel Mac OS X) AppleWebKit/538.1 (KHTML, like Gecko) PhantomJS/2.1.1 Safari/538.1","webSecurityEnabled":false}
[INFO  - 2016-12-06T19:22:47.061Z] Session [5e9d73d0-bbe9-11e6-87b1-bd64fefd21fc] - page.customHeaders:  - {}
[INFO  - 2016-12-06T19:22:47.061Z] Session [5e9d73d0-bbe9-11e6-87b1-bd64fefd21fc] - page.zoomFactor:  - 1
[INFO  - 2016-12-06T19:22:47.061Z] Session [5e9d73d0-bbe9-11e6-87b1-bd64fefd21fc] - Session.negotiatedCapabilities - {"browserName":"phantomjs","version":"2.1.1","driverName":"ghostdriver","driverVersion":"1.3.0-dev","platform":"mac-10.11 (El Capitan)-64bit","javascriptEnabled":true,"takesScreenshot":true,"handlesAlerts":false,"databaseEnabled":false,"locationContextEnabled":false,"applicationCacheEnabled":false,"browserConnectionEnabled":false,"cssSelectorsEnabled":true,"webStorageEnabled":false,"rotatable":false,"acceptSslCerts":false,"nativeEvents":true,"proxy":{"proxyType":"direct"},"webSecurityEnabled":true}
[INFO  - 2016-12-06T19:22:47.061Z] SessionManagerReqHand - _postNewSessionCommand - New Session Created: 5e9d73d0-bbe9-11e6-87b1-bd64fefd21fc
[INFO  - 2016-12-06T19:22:47.598Z] ShutdownReqHand - _handle - About to shutdown
[INFO  - 2016-12-06T19:26:12.988Z] GhostDriver - Main - running on port 127.0.0.1:30732
[INFO  - 2016-12-06T19:26:13.374Z] Session [d9969f80-bbe9-11e6-ae5b-61a1cbf4f662] - page.settings - {"XSSAuditingEnabled":false,"javascriptCanCloseWindows":true,"javascriptCanOpenWindows":true,"javascriptEnabled":true,"loadImages":false,"localToRemoteUrlAccessEnabled":false,"userAgent":"Mozilla/5.0 (Macintosh; Intel Mac OS X) AppleWebKit/538.1 (KHTML, like Gecko) PhantomJS/2.1.1 Safari/538.1","webSecurityEnabled":false}
[INFO  - 2016-12-06T19:26:13.375Z] Session [d9969f80-bbe9-11e6-ae5b-61a1cbf4f662] - page.customHeaders:  - {}
[INFO  - 2016-12-06T19:26:13.375Z] Session [d9969f80-bbe9-11e6-ae5b-61a1cbf4f662] - page.zoomFactor:  - 1
[INFO  - 2016-12-06T19:26:13.375Z] Session [d9969f80-bbe9-11e6-ae5b-61a1cbf4f662] - Session.negotiatedCapabilities - {"browserName":"phantomjs","version":"2.1.1","driverName":"ghostdriver","driverVersion":"1.3.0-dev","platform":"mac-10.11 (El Capitan)-64bit","javascriptEnabled":true,"takesScreenshot":true,"handlesAlerts":false,"databaseEnabled":false,"locationContextEnabled":false,"applicationCacheEnabled":false,"browserConnectionEnabled":false,"cssSelectorsEnabled":true,"webStorageEnabled":false,"rotatable":false,"acceptSslCerts":false,"nativeEvents":true,"proxy":{"proxyType":"direct"},"webSecurityEnabled":true}
[INFO  - 2016-12-06T19:26:13.375Z] SessionManagerReqHand - _postNewSessionCommand - New Session Created: d9969f80-bbe9-11e6-ae5b-61a1cbf4f662
[INFO  - 2016-12-06T19:26:40.801Z] GhostDriver - Main - running on port 127.0.0.1:3083
[INFO  - 2016-12-06T19:26:41.204Z] Session [ea2cfdd0-bbe9-11e6-b77c-e134938470bc] - page.settings - {"XSSAuditingEnabled":false,"javascriptCanCloseWindows":true,"javascriptCanOpenWindows":true,"javascriptEnabled":true,"loadImages":false,"localToRemoteUrlAccessEnabled":false,"userAgent":"Mozilla/5.0 (Macintosh; Intel Mac OS X) AppleWebKit/538.1 (KHTML, like Gecko) PhantomJS/2.1.1 Safari/538.1","webSecurityEnabled":true}
[INFO  - 2016-12-06T19:26:41.204Z] Session [ea2cfdd0-bbe9-11e6-b77c-e134938470bc] - page.customHeaders:  - {}
[INFO  - 2016-12-06T19:26:41.204Z] Session [ea2cfdd0-bbe9-11e6-b77c-e134938470bc] - page.zoomFactor:  - 1
[INFO  - 2016-12-06T19:26:41.204Z] Session [ea2cfdd0-bbe9-11e6-b77c-e134938470bc] - Session.negotiatedCapabilities - {"browserName":"phantomjs","version":"2.1.1","driverName":"ghostdriver","driverVersion":"1.3.0-dev","platform":"mac-10.11 (El Capitan)-64bit","javascriptEnabled":true,"takesScreenshot":true,"handlesAlerts":false,"databaseEnabled":false,"locationContextEnabled":false,"applicationCacheEnabled":false,"browserConnectionEnabled":false,"cssSelectorsEnabled":true,"webStorageEnabled":false,"rotatable":false,"acceptSslCerts":false,"nativeEvents":true,"proxy":{"proxyType":"direct"},"webSecurityEnabled":true}
[INFO  - 2016-12-06T19:26:41.204Z] SessionManagerReqHand - _postNewSessionCommand - New Session Created: ea2cfdd0-bbe9-11e6-b77c-e134938470bc
[ERROR - 2016-12-06T19:26:42.719Z] RouterReqHand - _handle.error - {"line":266,"sourceURL":"phantomjs://code/webelement_request_handler.js","stack":"_postValueCommand@phantomjs://code/webelement_request_handler.js:266:52\n_handle@phantomjs://code/webelement_request_handler.js:72:30\n_reroute@phantomjs://code/request_handler.js:61:20\n_handle@phantomjs://code/session_request_handler.js:121:42\n_reroute@phantomjs://code/request_handler.js:61:20\n_handle@phantomjs://code/router_request_handler.js:78:46"}
[INFO  - 2016-12-06T19:27:36.183Z] GhostDriver - Main - running on port 127.0.0.1:32541
[INFO  - 2016-12-06T19:27:36.587Z] Session [0b2fc440-bbea-11e6-8996-3942c5cd3a3e] - page.settings - {"XSSAuditingEnabled":false,"javascriptCanCloseWindows":true,"javascriptCanOpenWindows":true,"javascriptEnabled":true,"loadImages":false,"localToRemoteUrlAccessEnabled":false,"userAgent":"Mozilla/5.0 (Macintosh; Intel Mac OS X) AppleWebKit/538.1 (KHTML, like Gecko) PhantomJS/2.1.1 Safari/538.1","webSecurityEnabled":true}
[INFO  - 2016-12-06T19:27:36.587Z] Session [0b2fc440-bbea-11e6-8996-3942c5cd3a3e] - page.customHeaders:  - {}
[INFO  - 2016-12-06T19:27:36.587Z] Session [0b2fc440-bbea-11e6-8996-3942c5cd3a3e] - page.zoomFactor:  - 1
[INFO  - 2016-12-06T19:27:36.587Z] Session [0b2fc440-bbea-11e6-8996-3942c5cd3a3e] - Session.negotiatedCapabilities - {"browserName":"phantomjs","version":"2.1.1","driverName":"ghostdriver","driverVersion":"1.3.0-dev","platform":"mac-10.11 (El Capitan)-64bit","javascriptEnabled":true,"takesScreenshot":true,"handlesAlerts":false,"databaseEnabled":false,"locationContextEnabled":false,"applicationCacheEnabled":false,"browserConnectionEnabled":false,"cssSelectorsEnabled":true,"webStorageEnabled":false,"rotatable":false,"acceptSslCerts":false,"nativeEvents":true,"proxy":{"proxyType":"direct"},"webSecurityEnabled":true}
[INFO  - 2016-12-06T19:27:36.587Z] SessionManagerReqHand - _postNewSessionCommand - New Session Created: 0b2fc440-bbea-11e6-8996-3942c5cd3a3e
[ERROR - 2016-12-06T19:27:38.384Z] RouterReqHand - _handle.error - {"line":266,"sourceURL":"phantomjs://code/webelement_request_handler.js","stack":"_postValueCommand@phantomjs://code/webelement_request_handler.js:266:52\n_handle@phantomjs://code/webelement_request_handler.js:72:30\n_reroute@phantomjs://code/request_handler.js:61:20\n_handle@phantomjs://code/session_request_handler.js:121:42\n_reroute@phantomjs://code/request_handler.js:61:20\n_handle@phantomjs://code/router_request_handler.js:78:46"}
[INFO  - 2016-12-06T19:31:13.001Z] SessionManagerReqHand - _cleanupWindowlessSessions - Asynchronous Sessions clean-up phase starting NOW
[INFO  - 2016-12-06T19:31:40.874Z] SessionManagerReqHand - _cleanupWindowlessSessions - Asynchronous Sessions clean-up phase starting NOW
[INFO  - 2016-12-06T19:31:40.874Z] SessionManagerReqHand - _cleanupWindowlessSessions - Deleted Session 'ea2cfdd0-bbe9-11e6-b77c-e134938470bc', because windowless
[INFO  - 2016-12-06T19:32:36.201Z] SessionManagerReqHand - _cleanupWindowlessSessions - Asynchronous Sessions clean-up phase starting NOW
[INFO  - 2016-12-06T19:32:36.201Z] SessionManagerReqHand - _cleanupWindowlessSessions - Deleted Session '0b2fc440-bbea-11e6-8996-3942c5cd3a3e', because windowless
[INFO  - 2016-12-06T19:36:13.015Z] SessionManagerReqHand - _cleanupWindowlessSessions - Asynchronous Sessions clean-up phase starting NOW
[INFO  - 2016-12-06T19:36:59.928Z] GhostDriver - Main - running on port 127.0.0.1:12351
[INFO  - 2016-12-06T19:37:00.290Z] Session [5b2e04b0-bbeb-11e6-b303-89b1fb01e5b4] - page.settings - {"XSSAuditingEnabled":false,"javascriptCanCloseWindows":true,"javascriptCanOpenWindows":true,"javascriptEnabled":true,"loadImages":false,"localToRemoteUrlAccessEnabled":false,"userAgent":"Mozilla/5.0 (Macintosh; Intel Mac OS X) AppleWebKit/538.1 (KHTML, like Gecko) PhantomJS/2.1.1 Safari/538.1","webSecurityEnabled":true}
[INFO  - 2016-12-06T19:37:00.290Z] Session [5b2e04b0-bbeb-11e6-b303-89b1fb01e5b4] - page.customHeaders:  - {}
[INFO  - 2016-12-06T19:37:00.290Z] Session [5b2e04b0-bbeb-11e6-b303-89b1fb01e5b4] - page.zoomFactor:  - 1
[INFO  - 2016-12-06T19:37:00.290Z] Session [5b2e04b0-bbeb-11e6-b303-89b1fb01e5b4] - Session.negotiatedCapabilities - {"browserName":"phantomjs","version":"2.1.1","driverName":"ghostdriver","driverVersion":"1.3.0-dev","platform":"mac-10.11 (El Capitan)-64bit","javascriptEnabled":true,"takesScreenshot":true,"handlesAlerts":false,"databaseEnabled":false,"locationContextEnabled":false,"applicationCacheEnabled":false,"browserConnectionEnabled":false,"cssSelectorsEnabled":true,"webStorageEnabled":false,"rotatable":false,"acceptSslCerts":false,"nativeEvents":true,"proxy":{"proxyType":"direct"},"webSecurityEnabled":true}
[INFO  - 2016-12-06T19:37:00.291Z] SessionManagerReqHand - _postNewSessionCommand - New Session Created: 5b2e04b0-bbeb-11e6-b303-89b1fb01e5b4
[ERROR - 2016-12-06T19:37:01.607Z] RouterReqHand - _handle.error - {"line":266,"sourceURL":"phantomjs://code/webelement_request_handler.js","stack":"_postValueCommand@phantomjs://code/webelement_request_handler.js:266:52\n_handle@phantomjs://code/webelement_request_handler.js:72:30\n_reroute@phantomjs://code/request_handler.js:61:20\n_handle@phantomjs://code/session_request_handler.js:121:42\n_reroute@phantomjs://code/request_handler.js:61:20\n_handle@phantomjs://code/router_request_handler.js:78:46"}
[INFO  - 2016-12-06T19:38:31.149Z] GhostDriver - Main - running on port 127.0.0.1:23074
[INFO  - 2016-12-06T19:38:31.524Z] Session [918f38d0-bbeb-11e6-9f3c-4d1933762329] - page.settings - {"XSSAuditingEnabled":false,"javascriptCanCloseWindows":true,"javascriptCanOpenWindows":true,"javascriptEnabled":true,"loadImages":false,"localToRemoteUrlAccessEnabled":false,"userAgent":"Mozilla/5.0 (Macintosh; Intel Mac OS X) AppleWebKit/538.1 (KHTML, like Gecko) PhantomJS/2.1.1 Safari/538.1","webSecurityEnabled":true}
[INFO  - 2016-12-06T19:38:31.524Z] Session [918f38d0-bbeb-11e6-9f3c-4d1933762329] - page.customHeaders:  - {}
[INFO  - 2016-12-06T19:38:31.524Z] Session [918f38d0-bbeb-11e6-9f3c-4d1933762329] - page.zoomFactor:  - 1
[INFO  - 2016-12-06T19:38:31.524Z] Session [918f38d0-bbeb-11e6-9f3c-4d1933762329] - Session.negotiatedCapabilities - {"browserName":"phantomjs","version":"2.1.1","driverName":"ghostdriver","driverVersion":"1.3.0-dev","platform":"mac-10.11 (El Capitan)-64bit","javascriptEnabled":true,"takesScreenshot":true,"handlesAlerts":false,"databaseEnabled":false,"locationContextEnabled":false,"applicationCacheEnabled":false,"browserConnectionEnabled":false,"cssSelectorsEnabled":true,"webStorageEnabled":false,"rotatable":false,"acceptSslCerts":false,"nativeEvents":true,"proxy":{"proxyType":"direct"},"webSecurityEnabled":true}
[INFO  - 2016-12-06T19:38:31.524Z] SessionManagerReqHand - _postNewSessionCommand - New Session Created: 918f38d0-bbeb-11e6-9f3c-4d1933762329
[ERROR - 2016-12-06T19:38:33.022Z] RouterReqHand - _handle.error - {"line":266,"sourceURL":"phantomjs://code/webelement_request_handler.js","stack":"_postValueCommand@phantomjs://code/webelement_request_handler.js:266:52\n_handle@phantomjs://code/webelement_request_handler.js:72:30\n_reroute@phantomjs://code/request_handler.js:61:20\n_handle@phantomjs://code/session_request_handler.js:121:42\n_reroute@phantomjs://code/request_handler.js:61:20\n_handle@phantomjs://code/router_request_handler.js:78:46"}
[INFO  - 2016-12-06T19:38:55.099Z] GhostDriver - Main - running on port 127.0.0.1:29899
[INFO  - 2016-12-06T19:38:55.260Z] Session [9fb50c50-bbeb-11e6-942c-cb14bcd3bf39] - page.settings - {"XSSAuditingEnabled":false,"javascriptCanCloseWindows":true,"javascriptCanOpenWindows":true,"javascriptEnabled":true,"loadImages":false,"localToRemoteUrlAccessEnabled":false,"userAgent":"Mozilla/5.0 (Macintosh; Intel Mac OS X) AppleWebKit/538.1 (KHTML, like Gecko) PhantomJS/2.1.1 Safari/538.1","webSecurityEnabled":true}
[INFO  - 2016-12-06T19:38:55.260Z] Session [9fb50c50-bbeb-11e6-942c-cb14bcd3bf39] - page.customHeaders:  - {}
[INFO  - 2016-12-06T19:38:55.260Z] Session [9fb50c50-bbeb-11e6-942c-cb14bcd3bf39] - page.zoomFactor:  - 1
[INFO  - 2016-12-06T19:38:55.261Z] Session [9fb50c50-bbeb-11e6-942c-cb14bcd3bf39] - Session.negotiatedCapabilities - {"browserName":"phantomjs","version":"2.1.1","driverName":"ghostdriver","driverVersion":"1.3.0-dev","platform":"mac-10.11 (El Capitan)-64bit","javascriptEnabled":true,"takesScreenshot":true,"handlesAlerts":false,"databaseEnabled":false,"locationContextEnabled":false,"applicationCacheEnabled":false,"browserConnectionEnabled":false,"cssSelectorsEnabled":true,"webStorageEnabled":false,"rotatable":false,"acceptSslCerts":false,"nativeEvents":true,"proxy":{"proxyType":"direct"},"webSecurityEnabled":true}
[INFO  - 2016-12-06T19:38:55.261Z] SessionManagerReqHand - _postNewSessionCommand - New Session Created: 9fb50c50-bbeb-11e6-942c-cb14bcd3bf39
[ERROR - 2016-12-06T19:38:56.603Z] RouterReqHand - _handle.error - {"line":266,"sourceURL":"phantomjs://code/webelement_request_handler.js","stack":"_postValueCommand@phantomjs://code/webelement_request_handler.js:266:52\n_handle@phantomjs://code/webelement_request_handler.js:72:30\n_reroute@phantomjs://code/request_handler.js:61:20\n_handle@phantomjs://code/session_request_handler.js:121:42\n_reroute@phantomjs://code/request_handler.js:61:20\n_handle@phantomjs://code/router_request_handler.js:78:46"}
[INFO  - 2016-12-06T19:39:52.234Z] GhostDriver - Main - running on port 127.0.0.1:30043
[INFO  - 2016-12-06T19:39:52.401Z] Session [c1c3eb90-bbeb-11e6-8245-33b494d79d23] - page.settings - {"XSSAuditingEnabled":false,"javascriptCanCloseWindows":true,"javascriptCanOpenWindows":true,"javascriptEnabled":true,"loadImages":false,"localToRemoteUrlAccessEnabled":false,"userAgent":"Mozilla/5.0 (Macintosh; Intel Mac OS X) AppleWebKit/538.1 (KHTML, like Gecko) PhantomJS/2.1.1 Safari/538.1","webSecurityEnabled":true}
[INFO  - 2016-12-06T19:39:52.401Z] Session [c1c3eb90-bbeb-11e6-8245-33b494d79d23] - page.customHeaders:  - {}
[INFO  - 2016-12-06T19:39:52.401Z] Session [c1c3eb90-bbeb-11e6-8245-33b494d79d23] - page.zoomFactor:  - 1
[INFO  - 2016-12-06T19:39:52.401Z] Session [c1c3eb90-bbeb-11e6-8245-33b494d79d23] - Session.negotiatedCapabilities - {"browserName":"phantomjs","version":"2.1.1","driverName":"ghostdriver","driverVersion":"1.3.0-dev","platform":"mac-10.11 (El Capitan)-64bit","javascriptEnabled":true,"takesScreenshot":true,"handlesAlerts":false,"databaseEnabled":false,"locationContextEnabled":false,"applicationCacheEnabled":false,"browserConnectionEnabled":false,"cssSelectorsEnabled":true,"webStorageEnabled":false,"rotatable":false,"acceptSslCerts":false,"nativeEvents":true,"proxy":{"proxyType":"direct"},"webSecurityEnabled":true}
[INFO  - 2016-12-06T19:39:52.402Z] SessionManagerReqHand - _postNewSessionCommand - New Session Created: c1c3eb90-bbeb-11e6-8245-33b494d79d23
[ERROR - 2016-12-06T19:39:53.806Z] RouterReqHand - _handle.error - {"line":266,"sourceURL":"phantomjs://code/webelement_request_handler.js","stack":"_postValueCommand@phantomjs://code/webelement_request_handler.js:266:52\n_handle@phantomjs://code/webelement_request_handler.js:72:30\n_reroute@phantomjs://code/request_handler.js:61:20\n_handle@phantomjs://code/session_request_handler.js:121:42\n_reroute@phantomjs://code/request_handler.js:61:20\n_handle@phantomjs://code/router_request_handler.js:78:46"}
[INFO  - 2016-12-06T19:40:52.644Z] GhostDriver - Main - running on port 127.0.0.1:3175
[INFO  - 2016-12-06T19:40:52.890Z] Session [e5d1f630-bbeb-11e6-8e4a-af16de90e986] - page.settings - {"XSSAuditingEnabled":false,"javascriptCanCloseWindows":true,"javascriptCanOpenWindows":true,"javascriptEnabled":true,"loadImages":false,"localToRemoteUrlAccessEnabled":false,"userAgent":"Mozilla/5.0 (Macintosh; Intel Mac OS X) AppleWebKit/538.1 (KHTML, like Gecko) PhantomJS/2.1.1 Safari/538.1","webSecurityEnabled":true}
[INFO  - 2016-12-06T19:40:52.890Z] Session [e5d1f630-bbeb-11e6-8e4a-af16de90e986] - page.customHeaders:  - {}
[INFO  - 2016-12-06T19:40:52.890Z] Session [e5d1f630-bbeb-11e6-8e4a-af16de90e986] - page.zoomFactor:  - 1
[INFO  - 2016-12-06T19:40:52.890Z] Session [e5d1f630-bbeb-11e6-8e4a-af16de90e986] - Session.negotiatedCapabilities - {"browserName":"phantomjs","version":"2.1.1","driverName":"ghostdriver","driverVersion":"1.3.0-dev","platform":"mac-10.11 (El Capitan)-64bit","javascriptEnabled":true,"takesScreenshot":true,"handlesAlerts":false,"databaseEnabled":false,"locationContextEnabled":false,"applicationCacheEnabled":false,"browserConnectionEnabled":false,"cssSelectorsEnabled":true,"webStorageEnabled":false,"rotatable":false,"acceptSslCerts":false,"nativeEvents":true,"proxy":{"proxyType":"direct"},"webSecurityEnabled":true}
[INFO  - 2016-12-06T19:40:52.890Z] SessionManagerReqHand - _postNewSessionCommand - New Session Created: e5d1f630-bbeb-11e6-8e4a-af16de90e986
[ERROR - 2016-12-06T19:40:54.194Z] RouterReqHand - _handle.error - {"line":266,"sourceURL":"phantomjs://code/webelement_request_handler.js","stack":"_postValueCommand@phantomjs://code/webelement_request_handler.js:266:52\n_handle@phantomjs://code/webelement_request_handler.js:72:30\n_reroute@phantomjs://code/request_handler.js:61:20\n_handle@phantomjs://code/session_request_handler.js:121:42\n_reroute@phantomjs://code/request_handler.js:61:20\n_handle@phantomjs://code/router_request_handler.js:78:46"}
[INFO  - 2016-12-06T19:41:13.029Z] SessionManagerReqHand - _cleanupWindowlessSessions - Asynchronous Sessions clean-up phase starting NOW
[INFO  - 2016-12-06T19:41:59.941Z] SessionManagerReqHand - _cleanupWindowlessSessions - Asynchronous Sessions clean-up phase starting NOW
[INFO  - 2016-12-06T19:41:59.941Z] SessionManagerReqHand - _cleanupWindowlessSessions - Deleted Session '5b2e04b0-bbeb-11e6-b303-89b1fb01e5b4', because windowless
[INFO  - 2016-12-06T19:43:31.162Z] SessionManagerReqHand - _cleanupWindowlessSessions - Asynchronous Sessions clean-up phase starting NOW
[INFO  - 2016-12-06T19:43:31.162Z] SessionManagerReqHand - _cleanupWindowlessSessions - Deleted Session '918f38d0-bbeb-11e6-9f3c-4d1933762329', because windowless
[INFO  - 2016-12-06T19:43:55.908Z] SessionManagerReqHand - _cleanupWindowlessSessions - Asynchronous Sessions clean-up phase starting NOW
[INFO  - 2016-12-06T19:43:55.908Z] SessionManagerReqHand - _cleanupWindowlessSessions - Deleted Session '9fb50c50-bbeb-11e6-942c-cb14bcd3bf39', because windowless
[INFO  - 2016-12-06T19:44:52.911Z] SessionManagerReqHand - _cleanupWindowlessSessions - Asynchronous Sessions clean-up phase starting NOW
[INFO  - 2016-12-06T19:44:52.912Z] SessionManagerReqHand - _cleanupWindowlessSessions - Deleted Session 'c1c3eb90-bbeb-11e6-8245-33b494d79d23', because windowless
[INFO  - 2016-12-06T19:45:52.914Z] SessionManagerReqHand - _cleanupWindowlessSessions - Asynchronous Sessions clean-up phase starting NOW
[INFO  - 2016-12-06T19:45:52.914Z] SessionManagerReqHand - _cleanupWindowlessSessions - Deleted Session 'e5d1f630-bbeb-11e6-8e4a-af16de90e986', because windowless
[INFO  - 2016-12-06T19:46:13.044Z] SessionManagerReqHand - _cleanupWindowlessSessions - Asynchronous Sessions clean-up phase starting NOW
[INFO  - 2016-12-06T19:51:13.058Z] SessionManagerReqHand - _cleanupWindowlessSessions - Asynchronous Sessions clean-up phase starting NOW
[INFO  - 2016-12-06T19:56:13.072Z] SessionManagerReqHand - _cleanupWindowlessSessions - Asynchronous Sessions clean-up phase starting NOW
[INFO  - 2016-12-06T20:01:13.086Z] SessionManagerReqHand - _cleanupWindowlessSessions - Asynchronous Sessions clean-up phase starting NOW
